c:\users\q\source\repos\dll1\dll1\debug\dll1.pch
c:\users\q\source\repos\dll1\dll1\debug\vc142.pdb
c:\users\q\source\repos\dll1\dll1\debug\vc142.idb
c:\users\q\source\repos\dll1\dll1\debug\pch.obj
c:\users\q\source\repos\dll1\dll1\debug\dllmain.obj
c:\users\q\source\repos\dll1\dll1\debug\dll1.obj
c:\users\q\source\repos\dll1\debug\dll1.lib
c:\users\q\source\repos\dll1\debug\dll1.exp
c:\users\q\source\repos\dll1\debug\dll1.dll
c:\users\q\source\repos\dll1\debug\dll1.ilk
c:\users\q\source\repos\dll1\debug\dll1.pdb
c:\users\mikha\pycharmprojects\prtech_labs\1_lab\dll1\dll1\debug\dll1.obj
c:\users\mikha\pycharmprojects\prtech_labs\1_lab\dll1\dll1\debug\dllmain.obj
c:\users\mikha\pycharmprojects\prtech_labs\1_lab\dll1\dll1\debug\pch.obj
c:\users\mikha\pycharmprojects\prtech_labs\1_lab\dll1\dll1\debug\dll1.pch
c:\users\mikha\pycharmprojects\prtech_labs\1_lab\dll1\dll1\debug\vc142.idb
c:\users\mikha\pycharmprojects\prtech_labs\1_lab\dll1\dll1\debug\vc142.pdb
c:\users\mikha\pycharmprojects\prtech_labs\1_lab\dll1\debug\dll1.pdb
c:\users\mikha\pycharmprojects\prtech_labs\1_lab\dll1\debug\dll1.dll
c:\users\mikha\pycharmprojects\prtech_labs\1_lab\dll1\debug\dll1.ilk
c:\users\mikha\pycharmprojects\prtech_labs\1_lab\dll1\dll1\debug\dll1.tlog\cl.command.1.tlog
c:\users\mikha\pycharmprojects\prtech_labs\1_lab\dll1\dll1\debug\dll1.tlog\cl.read.1.tlog
c:\users\mikha\pycharmprojects\prtech_labs\1_lab\dll1\dll1\debug\dll1.tlog\cl.write.1.tlog
c:\users\mikha\pycharmprojects\prtech_labs\1_lab\dll1\dll1\debug\dll1.tlog\dll1.write.1u.tlog
c:\users\mikha\pycharmprojects\prtech_labs\1_lab\dll1\dll1\debug\dll1.tlog\link.command.1.tlog
c:\users\mikha\pycharmprojects\prtech_labs\1_lab\dll1\dll1\debug\dll1.tlog\link.read.1.tlog
c:\users\mikha\pycharmprojects\prtech_labs\1_lab\dll1\dll1\debug\dll1.tlog\link.write.1.tlog
